<?xml version="1.0" encoding="UTF-8"?>
<!-- Generated by org.testng.reporters.JUnitXMLReporter -->
<testsuite hostname="DESKTOP-VBPI005" ignored="0" name="Default test" tests="4" failures="0" timestamp="24 Jun 2017 23:31:07 GMT" time="0.086" errors="0">
  <testcase name="myDataDrivenTest" time="0.006" classname="com.sqa.sb.BasicTest"/>
  <testcase name="myDataDrivenTest" time="0.007" classname="com.sqa.sb.BasicTest"/>
  <testcase name="myDataDrivenTest" time="0.006" classname="com.sqa.sb.BasicTest"/>
  <testcase name="myDataDrivenTest" time="0.003" classname="com.sqa.sb.BasicTest"/>
</testsuite> <!-- Default test -->
