<?xml version="1.0" encoding="UTF-8"?>
<testng-results skipped="0" failed="0" ignored="0" total="4" passed="4">
  <reporter-output>
  </reporter-output>
  <suite name="Default suite" duration-ms="86" started-at="2017-06-24T23:31:07Z" finished-at="2017-06-24T23:31:07Z">
    <groups>
    </groups>
    <test name="Default test" duration-ms="86" started-at="2017-06-24T23:31:07Z" finished-at="2017-06-24T23:31:07Z">
      <class name="com.sqa.sb.BasicTest">
        <test-method status="PASS" signature="beforeTest()[pri:0, instance:com.sqa.sb.BasicTest@c038203]" name="beforeTest" is-config="true" duration-ms="9" started-at="2017-06-24T16:31:07Z" finished-at="2017-06-24T16:31:07Z">
          <reporter-output>
          </reporter-output>
        </test-method> <!-- beforeTest -->
        <test-method status="PASS" signature="beforeClass()[pri:0, instance:com.sqa.sb.BasicTest@c038203]" name="beforeClass" is-config="true" duration-ms="0" started-at="2017-06-24T16:31:07Z" finished-at="2017-06-24T16:31:07Z">
          <reporter-output>
          </reporter-output>
        </test-method> <!-- beforeClass -->
        <test-method status="PASS" signature="beforeMethod()[pri:0, instance:com.sqa.sb.BasicTest@c038203]" name="beforeMethod" is-config="true" duration-ms="0" started-at="2017-06-24T16:31:07Z" finished-at="2017-06-24T16:31:07Z">
          <reporter-output>
          </reporter-output>
        </test-method> <!-- beforeMethod -->
        <test-method status="PASS" signature="myDataDrivenTest(java.lang.Integer, java.lang.String)[pri:0, instance:com.sqa.sb.BasicTest@c038203]" name="myDataDrivenTest" duration-ms="6" started-at="2017-06-24T16:31:07Z" data-provider="dp" finished-at="2017-06-24T16:31:07Z">
          <params>
            <param index="0">
              <value>
                <![CDATA[1]]>
              </value>
            </param>
            <param index="1">
              <value>
                <![CDATA[dataset a]]>
              </value>
            </param>
          </params>
          <reporter-output>
          </reporter-output>
        </test-method> <!-- myDataDrivenTest -->
        <test-method status="PASS" signature="afterMethod()[pri:0, instance:com.sqa.sb.BasicTest@c038203]" name="afterMethod" is-config="true" duration-ms="0" started-at="2017-06-24T16:31:07Z" finished-at="2017-06-24T16:31:07Z">
          <reporter-output>
          </reporter-output>
        </test-method> <!-- afterMethod -->
        <test-method status="PASS" signature="myDataDrivenTest(java.lang.Integer, java.lang.String)[pri:0, instance:com.sqa.sb.BasicTest@c038203]" name="myDataDrivenTest" duration-ms="7" started-at="2017-06-24T16:31:07Z" data-provider="dp" finished-at="2017-06-24T16:31:07Z">
          <params>
            <param index="0">
              <value>
                <![CDATA[2]]>
              </value>
            </param>
            <param index="1">
              <value>
                <![CDATA[dataset b]]>
              </value>
            </param>
          </params>
          <reporter-output>
          </reporter-output>
        </test-method> <!-- myDataDrivenTest -->
        <test-method status="PASS" signature="beforeMethod()[pri:0, instance:com.sqa.sb.BasicTest@c038203]" name="beforeMethod" is-config="true" duration-ms="0" started-at="2017-06-24T16:31:07Z" finished-at="2017-06-24T16:31:07Z">
          <reporter-output>
          </reporter-output>
        </test-method> <!-- beforeMethod -->
        <test-method status="PASS" signature="afterMethod()[pri:0, instance:com.sqa.sb.BasicTest@c038203]" name="afterMethod" is-config="true" duration-ms="1" started-at="2017-06-24T16:31:07Z" finished-at="2017-06-24T16:31:07Z">
          <reporter-output>
          </reporter-output>
        </test-method> <!-- afterMethod -->
        <test-method status="PASS" signature="myDataDrivenTest(java.lang.Integer, java.lang.String)[pri:0, instance:com.sqa.sb.BasicTest@c038203]" name="myDataDrivenTest" duration-ms="6" started-at="2017-06-24T16:31:07Z" data-provider="dp" finished-at="2017-06-24T16:31:07Z">
          <params>
            <param index="0">
              <value>
                <![CDATA[3]]>
              </value>
            </param>
            <param index="1">
              <value>
                <![CDATA[dataset c]]>
              </value>
            </param>
          </params>
          <reporter-output>
          </reporter-output>
        </test-method> <!-- myDataDrivenTest -->
        <test-method status="PASS" signature="beforeMethod()[pri:0, instance:com.sqa.sb.BasicTest@c038203]" name="beforeMethod" is-config="true" duration-ms="0" started-at="2017-06-24T16:31:07Z" finished-at="2017-06-24T16:31:07Z">
          <reporter-output>
          </reporter-output>
        </test-method> <!-- beforeMethod -->
        <test-method status="PASS" signature="afterMethod()[pri:0, instance:com.sqa.sb.BasicTest@c038203]" name="afterMethod" is-config="true" duration-ms="2" started-at="2017-06-24T16:31:07Z" finished-at="2017-06-24T16:31:07Z">
          <reporter-output>
          </reporter-output>
        </test-method> <!-- afterMethod -->
        <test-method status="PASS" signature="beforeMethod()[pri:0, instance:com.sqa.sb.BasicTest@c038203]" name="beforeMethod" is-config="true" duration-ms="1" started-at="2017-06-24T16:31:07Z" finished-at="2017-06-24T16:31:07Z">
          <reporter-output>
          </reporter-output>
        </test-method> <!-- beforeMethod -->
        <test-method status="PASS" signature="myDataDrivenTest(java.lang.Integer, java.lang.String)[pri:0, instance:com.sqa.sb.BasicTest@c038203]" name="myDataDrivenTest" duration-ms="3" started-at="2017-06-24T16:31:07Z" data-provider="dp" finished-at="2017-06-24T16:31:07Z">
          <params>
            <param index="0">
              <value>
                <![CDATA[4]]>
              </value>
            </param>
            <param index="1">
              <value>
                <![CDATA[dataset d]]>
              </value>
            </param>
          </params>
          <reporter-output>
          </reporter-output>
        </test-method> <!-- myDataDrivenTest -->
        <test-method status="PASS" signature="afterMethod()[pri:0, instance:com.sqa.sb.BasicTest@c038203]" name="afterMethod" is-config="true" duration-ms="0" started-at="2017-06-24T16:31:07Z" finished-at="2017-06-24T16:31:07Z">
          <reporter-output>
          </reporter-output>
        </test-method> <!-- afterMethod -->
        <test-method status="PASS" signature="afterClass()[pri:0, instance:com.sqa.sb.BasicTest@c038203]" name="afterClass" is-config="true" duration-ms="1" started-at="2017-06-24T16:31:07Z" finished-at="2017-06-24T16:31:07Z">
          <reporter-output>
          </reporter-output>
        </test-method> <!-- afterClass -->
        <test-method status="PASS" signature="afterTest()[pri:0, instance:com.sqa.sb.BasicTest@c038203]" name="afterTest" is-config="true" duration-ms="0" started-at="2017-06-24T16:31:07Z" finished-at="2017-06-24T16:31:07Z">
          <reporter-output>
          </reporter-output>
        </test-method> <!-- afterTest -->
      </class> <!-- com.sqa.sb.BasicTest -->
    </test> <!-- Default test -->
  </suite> <!-- Default suite -->
</testng-results>
